This file contains any messages produced by compilers while
running configure, to aid debugging if configure makes a mistake.

configure:537: checking for c++
configure:568: checking whether the C++ compiler (c++  ) works
configure:582: c++ -o conftest    conftest.C  1>&5
configure:602: checking whether the C++ compiler (c++  ) is a cross-compiler
configure:607: checking whether we are using GNU C++
configure:616: c++ -E conftest.C
configure:631: checking whether c++ accepts -g
configure:688: checking for a BSD compatible install
configure:740: checking for tputs in -lcurses
configure:762: c++ -o conftest -g -O2   conftest.C -lcurses   1>&5
configure:850: checking for readline in -lreadline
configure:872: c++ -o conftest -g -O2   conftest.C -lreadline  -lcurses  1>&5
configure:900: checking for add_history in -lhistory
configure:922: c++ -o conftest -g -O2   conftest.C -lhistory  -lreadline -lcurses  1>&5
configure:953: checking how to run the C++ preprocessor
configure:971: c++ -E  conftest.C >/dev/null 2>conftest.out
configure:990: checking for ANSI C header files
configure:1003: c++ -E  conftest.C >/dev/null 2>conftest.out
configure:1073: c++ -o conftest -g -O2   conftest.C -lhistory -lreadline -lcurses  1>&5
configure:1100: checking for fcntl.h
configure:1110: c++ -E  conftest.C >/dev/null 2>conftest.out
configure:1100: checking for unistd.h
configure:1110: c++ -E  conftest.C >/dev/null 2>conftest.out
configure:1139: checking for working const
configure:1193: c++ -c -g -O2  conftest.C 1>&5
configure:1214: checking for off_t
configure:1250: checking for strerror
configure:1281: c++ -o conftest -g -O2   conftest.C -lhistory -lreadline -lcurses  1>&5
configure:1250: checking for strtol
configure:1281: c++ -o conftest -g -O2   conftest.C -lhistory -lreadline -lcurses  1>&5
configure:1250: checking for snprintf
configure:1281: c++ -o conftest -g -O2   conftest.C -lhistory -lreadline -lcurses  1>&5
